<?xml version="1.0" encoding="UTF-8"?>
<testng-results ignored="0" total="1" passed="1" failed="0" skipped="0">
  <reporter-output>
  </reporter-output>
  <suite started-at="2025-05-30T12:19:35 IST" name="Suite" finished-at="2025-05-30T12:20:00 IST" duration-ms="24932">
    <groups>
      <group name="cucumber">
        <method signature="AbstractTestNGCucumberTests.runScenario(io.cucumber.testng.PickleWrapper,io.cucumber.testng.FeatureWrapper)[pri:0, instance:addcardfeature.AddItemToCardRunner@f5ac9e4]" name="runScenario" class="io.cucumber.testng.AbstractTestNGCucumberTests"/>
      </group> <!-- cucumber -->
    </groups>
    <test started-at="2025-05-30T12:19:35 IST" name="Test" finished-at="2025-05-30T12:20:00 IST" duration-ms="24932">
      <class name="addcardfeature.AddItemToCardRunner">
        <test-method is-config="true" signature="setUpClass(org.testng.ITestContext)[pri:0, instance:addcardfeature.AddItemToCardRunner@f5ac9e4]" started-at="2025-05-30T12:19:35 IST" name="setUpClass" finished-at="2025-05-30T12:19:36 IST" duration-ms="1020" status="PASS">
          <params>
            <param index="0">
              <value>
                <![CDATA[org.testng.TestRunner@4422dd48]]>
              </value>
            </param>
          </params>
          <reporter-output>
          </reporter-output>
        </test-method> <!-- setUpClass -->
        <test-method signature="runScenario(io.cucumber.testng.PickleWrapper,io.cucumber.testng.FeatureWrapper)[pri:0, instance:addcardfeature.AddItemToCardRunner@f5ac9e4]" started-at="2025-05-30T12:19:36 IST" name="runScenario" description="Runs Cucumber Scenarios" data-provider="scenarios" finished-at="2025-05-30T12:20:00 IST" duration-ms="23809" status="PASS">
          <params>
            <param index="0">
              <value>
                <![CDATA["Validate adding an item to the cart from start to end"]]>
              </value>
            </param>
            <param index="1">
              <value>
                <![CDATA["Add to Cart Functionality"]]>
              </value>
            </param>
          </params>
          <reporter-output>
          </reporter-output>
        </test-method> <!-- runScenario -->
        <test-method is-config="true" signature="tearDownClass()[pri:0, instance:addcardfeature.AddItemToCardRunner@f5ac9e4]" started-at="2025-05-30T12:20:00 IST" name="tearDownClass" finished-at="2025-05-30T12:20:00 IST" duration-ms="28" status="PASS">
          <reporter-output>
          </reporter-output>
        </test-method> <!-- tearDownClass -->
      </class> <!-- addcardfeature.AddItemToCardRunner -->
    </test> <!-- Test -->
  </suite> <!-- Suite -->
</testng-results>
