<?xml version="1.0" encoding="UTF-8"?>
<testsuite xmlns:xsi="http://www.w3.org/2001/XMLSchema-instance" xsi:noNamespaceSchemaLocation="https://maven.apache.org/surefire/maven-surefire-plugin/xsd/surefire-test-report.xsd" version="3.0.2" name="TestSuite" time="26.126" tests="1" errors="0" skipped="0" failures="0">
  <properties>
[...]
</properties>
  <testcase name="runScenario[&quot;Validate adding an item to the cart from start to end&quot;, &quot;Add to Cart Functionality&quot;](1)" classname="addcardfeature.AddItemToCardRunner" time="23.812">
    <system-out><![CDATA[
Scenario: Validate adding an item to the cart from start to end &amp#27;[90m# src/test/resources/addcardfeature/AddItemToCard.feature:3&amp#27;[0m
  &amp#27;[32mGiven &amp#27;[0m&amp#27;[32mthe user is on the home page&amp#27;[0m                            &amp#27;[90m# addcardfeature.AddItemToCardSteps.the_user_is_on_the_home_page()&amp#27;[0m
  &amp#27;[32mWhen &amp#27;[0m&amp#27;[32mthe user selects &amp#27;[0m&amp#27;[32m&amp#27;[1m"Kindle Store"&amp#27;[0m&amp#27;[32m from the category&amp#27;[0m        &amp#27;[90m# addcardfeature.AddItemToCardSteps.the_user_selects_from_the_category(java.lang.String)&amp#27;[0m
  &amp#27;[32mAnd &amp#27;[0m&amp#27;[32mclicks on the search icon&amp#27;[0m                                 &amp#27;[90m# addcardfeature.AddItemToCardSteps.clicks_on_the_search_icon()&amp#27;[0m
  &amp#27;[32mAnd &amp#27;[0m&amp#27;[32mselects the checkbox for KindleUnlimitedEligible&amp#27;[0m          &amp#27;[90m# addcardfeature.AddItemToCardSteps.selects_the_checkbox_for_KindleUnlimitedEligible()&amp#27;[0m
  &amp#27;[32mAnd &amp#27;[0m&amp#27;[32msorts the results by &amp#27;[0m&amp#27;[32m&amp#27;[1m"Best Sellers"&amp#27;[0m                       &amp#27;[90m# addcardfeature.AddItemToCardSteps.sorts_the_results_by(java.lang.String)&amp#27;[0m
  &amp#27;[32mAnd &amp#27;[0m&amp#27;[32mclicks on the first book in the results&amp#27;[0m                   &amp#27;[90m# addcardfeature.AddItemToCardSteps.clicks_on_the_first_book_in_the_results()&amp#27;[0m
  &amp#27;[32mAnd &amp#27;[0m&amp#27;[32mclicks on the addCart button&amp#27;[0m                              &amp#27;[90m# addcardfeature.AddItemToCardSteps.clicks_on_the_add_cart_button()&amp#27;[0m
  &amp#27;[32mThen &amp#27;[0m&amp#27;[32mthe book should be added to the cart&amp#27;[0m                     &amp#27;[90m# addcardfeature.AddItemToCardSteps.the_book_should_be_added_to_the_cart()&amp#27;[0m
]]></system-out>
    <system-err><![CDATA[SLF4J: Failed to load class "org.slf4j.impl.StaticLoggerBinder".
SLF4J: Defaulting to no-operation (NOP) logger implementation
SLF4J: See http://www.slf4j.org/codes.html#StaticLoggerBinder for further details.
May 30, 2025 12:19:39 PM org.openqa.selenium.devtools.CdpVersionFinder findNearestMatch
WARNING: Unable to find an exact match for CDP version 136, returning the closest version; found: 135; Please update to a Selenium version that supports CDP version 136
]]></system-err>
  </testcase>
</testsuite>